{"nbformat":4,"nbformat_minor":0,"metadata":{"colab":{"name":"PREGUNTA2","provenance":[]},"kernelspec":{"name":"python3","display_name":"Python 3"},"language_info":{"name":"python"}},"cells":[{"cell_type":"code","execution_count":null,"metadata":{"colab":{"base_uri":"https://localhost:8080/"},"id":"yAfjwtslRo_1","executionInfo":{"status":"ok","timestamp":1653401995264,"user_tz":300,"elapsed":48136,"user":{"displayName":"JOEL FERNANDO GAMBOA CHECNES","userId":"10474802439477843511"}},"outputId":"dced8c23-4107-4878-f3f8-d59d48d6041d"},"outputs":[{"name":"stdout","output_type":"stream","text":["INGRESE EL CODIGO DEL EMPLEADO: 1\n","INGRESE CODIGO DEL PRODUCTO: 1\n","INGRESE CANTIDAD DEL PRODUCTO: 5\n","INGRESE EL CODIGO DEL EMPLEADO: 2\n","INGRESE CODIGO DEL PRODUCTO: 3\n","INGRESE CANTIDAD DEL PRODUCTO: 7\n","INGRESE EL CODIGO DEL EMPLEADO: 0\n"]}],"source":["while True:\n"," codigo=int(input(\"INGRESE EL CODIGO DEL EMPLEADO: \"))\n"," empleado1=[]\n"," empleado2=[]\n"," empleado3=[]\n"," empleado4=[]\n"," if codigo==1:\n","   producto=int(input(\"INGRESE CODIGO DEL PRODUCTO: \"))\n","   cantidad=int(input(\"INGRESE CANTIDAD DEL PRODUCTO: \"))\n","   empleado1.insert(producto-1,cantidad)\n"," if codigo==2:\n","   producto=int(input(\"INGRESE CODIGO DEL PRODUCTO: \"))\n","   cantidad=int(input(\"INGRESE CANTIDAD DEL PRODUCTO: \"))\n","   empleado2.insert(producto-1,cantidad)\n"," if codigo==3:\n","   producto=int(input(\"INGRESE CODIGO DEL PRODUCTO: \"))\n","   cantidad=int(input(\"INGRESE CANTIDAD DEL PRODUCTO: \"))\n","   empleado3.insert(producto-1,cantidad)\n"," if codigo==4:\n","   producto=int(input(\"INGRESE CODIGO DEL PRODUCTO: \"))\n","   cantidad=int(input(\"INGRESE CANTIDAD DEL PRODUCTO: \"))\n","   empleado4.insert(producto-1,cantidad)\n"," if codigo==0:\n","   break\n","for i in range(len(empleado1)):\n","  print(f\"EMPLEADO: 1\\nPRODUCTO {i+1}: {empleado1[i]}\")\n","for i in range(len(empleado2)):\n","  print(f\"EMPLEADO: 2\\nPRODUCTO {i+1}: {empleado2[i]}\")\n","for i in range(len(empleado3)):\n","  print(f\"EMPLEADO: 3\\nPRODUCTO {i+1}: {empleado3[i]}\")\n","for i in range(len(empleado4)):\n","  print(f\"EMPLEADO: 4\\nPRODUCTO {i+1}: {empleado4[i]}\")\n","  "]},{"cell_type":"code","source":["numero1 = []\n","numero2 = []\n","base = int(input(\"INGRESE LA BASE: \"))\n","for i in range(2):\n","  cantidad = int(input(f\"INGRESE LA CANTIDAD DE DIGITOS DEl NUMERO {i+1}: \"))\n","  for i in range(cantidad):\n","    digito = int(input(f\"INGRESE EL {i+1} DIGITO: \"))\n","    if digito < base:\n","      numero1.append(digito)\n","    else:\n","      while digito >รง base:\n","        digito = int(input(f\"INGRESE EL {i+1} DIGITO: \"))\n","for digito in numero1:\n","  for i in numero2:\n","    nuevo_digito = digito * [i]\n","    if nuevo_digito > base:\n","      while nuevo_digito / base > base\n","        nuevo_digito / base"],"metadata":{"colab":{"base_uri":"https://localhost:8080/","height":130},"id":"pzWzf5ncO2rF","executionInfo":{"status":"error","timestamp":1655176927577,"user_tz":300,"elapsed":4,"user":{"displayName":"uni python","userId":"07997021365124863630"}},"outputId":"d6448288-f57b-4398-a81f-f8a8a56be087"},"execution_count":1,"outputs":[{"output_type":"error","ename":"SyntaxError","evalue":"ignored","traceback":["\u001b[0;36m  File \u001b[0;32m\"<ipython-input-1-316bf2c4c4d9>\"\u001b[0;36m, line \u001b[0;32m11\u001b[0m\n\u001b[0;31m    while digito >รง base:\u001b[0m\n\u001b[0m                       ^\u001b[0m\n\u001b[0;31mSyntaxError\u001b[0m\u001b[0;31m:\u001b[0m invalid syntax\n"]}]},{"cell_type":"code","source":["n= int(input(\"ingrese un numero : \"))\n","a=[0]*n\n","aprobados=0\n","for i in range(0,n):\n","    a[i]= int(input(f\"ingrese la nota del alumno numero {i+1} : \"))\n","    if a[i] >=10 and a[i]<20:\n","        aprobados = aprobados + 1\n","aprobados_porcentaje= (aprobados*100)/n\n","print(a) , print(str(round(aprobados_porcentaje,2)) +\" % de aprobados\"), print(\"----------------------\")\n","aprobados = 0\n","while aprobados_porcentaje < 70:\n","    for i in range(0,n):\n","        if a[i] <20:\n","            a[i]= a[i]+1\n","        if a[i] >=10 and a[i]<20:\n","            aprobados = aprobados +1\n","    aprobados_porcentaje = (aprobados*100)/n\n","    print(a)\n","    print(str(round(aprobados_porcentaje,2)) +\" % de aprobados\")\n","    print(\"----------------------\")\n","    aprobados = 0\n","resultado_final = round(aprobados_porcentaje,2)\n","print(f\"El procentaje final de aprobados es : {resultado_final}\")\n","end= input(\" \")"],"metadata":{"colab":{"base_uri":"https://localhost:8080/","height":536},"id":"iYdqEA1-V_UC","executionInfo":{"status":"error","timestamp":1655178822060,"user_tz":300,"elapsed":31117,"user":{"displayName":"uni python","userId":"07997021365124863630"}},"outputId":"e780cb04-d6f3-43ba-a6b1-78f51be012d8"},"execution_count":2,"outputs":[{"output_type":"error","ename":"KeyboardInterrupt","evalue":"ignored","traceback":["\u001b[0;31m---------------------------------------------------------------------------\u001b[0m","\u001b[0;31mKeyboardInterrupt\u001b[0m                         Traceback (most recent call last)","\u001b[0;32m/usr/local/lib/python3.7/dist-packages/ipykernel/kernelbase.py\u001b[0m in \u001b[0;36m_input_request\u001b[0;34m(self, prompt, ident, parent, password)\u001b[0m\n\u001b[1;32m    728\u001b[0m             \u001b[0;32mtry\u001b[0m\u001b[0;34m:\u001b[0m\u001b[0;34m\u001b[0m\u001b[0;34m\u001b[0m\u001b[0m\n\u001b[0;32m--> 729\u001b[0;31m                 \u001b[0mident\u001b[0m\u001b[0;34m,\u001b[0m \u001b[0mreply\u001b[0m \u001b[0;34m=\u001b[0m \u001b[0mself\u001b[0m\u001b[0;34m.\u001b[0m\u001b[0msession\u001b[0m\u001b[0;34m.\u001b[0m\u001b[0mrecv\u001b[0m\u001b[0;34m(\u001b[0m\u001b[0mself\u001b[0m\u001b[0;34m.\u001b[0m\u001b[0mstdin_socket\u001b[0m\u001b[0;34m,\u001b[0m \u001b[0;36m0\u001b[0m\u001b[0;34m)\u001b[0m\u001b[0;34m\u001b[0m\u001b[0;34m\u001b[0m\u001b[0m\n\u001b[0m\u001b[1;32m    730\u001b[0m             \u001b[0;32mexcept\u001b[0m \u001b[0mException\u001b[0m\u001b[0;34m:\u001b[0m\u001b[0;34m\u001b[0m\u001b[0;34m\u001b[0m\u001b[0m\n","\u001b[0;32m/usr/local/lib/python3.7/dist-packages/jupyter_client/session.py\u001b[0m in \u001b[0;36mrecv\u001b[0;34m(self, socket, mode, content, copy)\u001b[0m\n\u001b[1;32m    802\u001b[0m         \u001b[0;32mtry\u001b[0m\u001b[0;34m:\u001b[0m\u001b[0;34m\u001b[0m\u001b[0;34m\u001b[0m\u001b[0m\n\u001b[0;32m--> 803\u001b[0;31m             \u001b[0mmsg_list\u001b[0m \u001b[0;34m=\u001b[0m \u001b[0msocket\u001b[0m\u001b[0;34m.\u001b[0m\u001b[0mrecv_multipart\u001b[0m\u001b[0;34m(\u001b[0m\u001b[0mmode\u001b[0m\u001b[0;34m,\u001b[0m \u001b[0mcopy\u001b[0m\u001b[0;34m=\u001b[0m\u001b[0mcopy\u001b[0m\u001b[0;34m)\u001b[0m\u001b[0;34m\u001b[0m\u001b[0;34m\u001b[0m\u001b[0m\n\u001b[0m\u001b[1;32m    804\u001b[0m         \u001b[0;32mexcept\u001b[0m \u001b[0mzmq\u001b[0m\u001b[0;34m.\u001b[0m\u001b[0mZMQError\u001b[0m \u001b[0;32mas\u001b[0m \u001b[0me\u001b[0m\u001b[0;34m:\u001b[0m\u001b[0;34m\u001b[0m\u001b[0;34m\u001b[0m\u001b[0m\n","\u001b[0;32m/usr/local/lib/python3.7/dist-packages/zmq/sugar/socket.py\u001b[0m in \u001b[0;36mrecv_multipart\u001b[0;34m(self, flags, copy, track)\u001b[0m\n\u001b[1;32m    726\u001b[0m         \"\"\"\n\u001b[0;32m--> 727\u001b[0;31m         \u001b[0mparts\u001b[0m \u001b[0;34m=\u001b[0m \u001b[0;34m[\u001b[0m\u001b[0mself\u001b[0m\u001b[0;34m.\u001b[0m\u001b[0mrecv\u001b[0m\u001b[0;34m(\u001b[0m\u001b[0mflags\u001b[0m\u001b[0;34m,\u001b[0m \u001b[0mcopy\u001b[0m\u001b[0;34m=\u001b[0m\u001b[0mcopy\u001b[0m\u001b[0;34m,\u001b[0m \u001b[0mtrack\u001b[0m\u001b[0;34m=\u001b[0m\u001b[0mtrack\u001b[0m\u001b[0;34m)\u001b[0m\u001b[0;34m]\u001b[0m\u001b[0;34m\u001b[0m\u001b[0;34m\u001b[0m\u001b[0m\n\u001b[0m\u001b[1;32m    728\u001b[0m         \u001b[0;31m# have first part already, only loop while more to receive\u001b[0m\u001b[0;34m\u001b[0m\u001b[0;34m\u001b[0m\u001b[0;34m\u001b[0m\u001b[0m\n","\u001b[0;32mzmq/backend/cython/socket.pyx\u001b[0m in \u001b[0;36mzmq.backend.cython.socket.Socket.recv\u001b[0;34m()\u001b[0m\n","\u001b[0;32mzmq/backend/cython/socket.pyx\u001b[0m in \u001b[0;36mzmq.backend.cython.socket.Socket.recv\u001b[0;34m()\u001b[0m\n","\u001b[0;32mzmq/backend/cython/socket.pyx\u001b[0m in \u001b[0;36mzmq.backend.cython.socket._recv_copy\u001b[0;34m()\u001b[0m\n","\u001b[0;32m/usr/local/lib/python3.7/dist-packages/zmq/backend/cython/checkrc.pxd\u001b[0m in \u001b[0;36mzmq.backend.cython.checkrc._check_rc\u001b[0;34m()\u001b[0m\n","\u001b[0;31mKeyboardInterrupt\u001b[0m: ","\nDuring handling of the above exception, another exception occurred:\n","\u001b[0;31mKeyboardInterrupt\u001b[0m                         Traceback (most recent call last)","\u001b[0;32m<ipython-input-2-ce4b6ea5ff44>\u001b[0m in \u001b[0;36m<module>\u001b[0;34m()\u001b[0m\n\u001b[0;32m----> 1\u001b[0;31m \u001b[0mn\u001b[0m\u001b[0;34m=\u001b[0m \u001b[0mint\u001b[0m\u001b[0;34m(\u001b[0m\u001b[0minput\u001b[0m\u001b[0;34m(\u001b[0m\u001b[0;34m\"ingrese un numero : \"\u001b[0m\u001b[0;34m)\u001b[0m\u001b[0;34m)\u001b[0m\u001b[0;34m\u001b[0m\u001b[0;34m\u001b[0m\u001b[0m\n\u001b[0m\u001b[1;32m      2\u001b[0m \u001b[0ma\u001b[0m\u001b[0;34m=\u001b[0m\u001b[0;34m[\u001b[0m\u001b[0;36m0\u001b[0m\u001b[0;34m]\u001b[0m\u001b[0;34m*\u001b[0m\u001b[0mn\u001b[0m\u001b[0;34m\u001b[0m\u001b[0;34m\u001b[0m\u001b[0m\n\u001b[1;32m      3\u001b[0m \u001b[0maprobados\u001b[0m\u001b[0;34m=\u001b[0m\u001b[0;36m0\u001b[0m\u001b[0;34m\u001b[0m\u001b[0;34m\u001b[0m\u001b[0m\n\u001b[1;32m      4\u001b[0m \u001b[0;32mfor\u001b[0m \u001b[0mi\u001b[0m \u001b[0;32min\u001b[0m \u001b[0mrange\u001b[0m\u001b[0;34m(\u001b[0m\u001b[0;36m0\u001b[0m\u001b[0;34m,\u001b[0m\u001b[0mn\u001b[0m\u001b[0;34m)\u001b[0m\u001b[0;34m:\u001b[0m\u001b[0;34m\u001b[0m\u001b[0;34m\u001b[0m\u001b[0m\n\u001b[1;32m      5\u001b[0m     \u001b[0ma\u001b[0m\u001b[0;34m[\u001b[0m\u001b[0mi\u001b[0m\u001b[0;34m]\u001b[0m\u001b[0;34m=\u001b[0m \u001b[0mint\u001b[0m\u001b[0;34m(\u001b[0m\u001b[0minput\u001b[0m\u001b[0;34m(\u001b[0m\u001b[0;34mf\"ingrese la nota del alumno numero {i+1} : \"\u001b[0m\u001b[0;34m)\u001b[0m\u001b[0;34m)\u001b[0m\u001b[0;34m\u001b[0m\u001b[0;34m\u001b[0m\u001b[0m\n","\u001b[0;32m/usr/local/lib/python3.7/dist-packages/ipykernel/kernelbase.py\u001b[0m in \u001b[0;36mraw_input\u001b[0;34m(self, prompt)\u001b[0m\n\u001b[1;32m    702\u001b[0m             \u001b[0mself\u001b[0m\u001b[0;34m.\u001b[0m\u001b[0m_parent_ident\u001b[0m\u001b[0;34m,\u001b[0m\u001b[0;34m\u001b[0m\u001b[0;34m\u001b[0m\u001b[0m\n\u001b[1;32m    703\u001b[0m             \u001b[0mself\u001b[0m\u001b[0;34m.\u001b[0m\u001b[0m_parent_header\u001b[0m\u001b[0;34m,\u001b[0m\u001b[0;34m\u001b[0m\u001b[0;34m\u001b[0m\u001b[0m\n\u001b[0;32m--> 704\u001b[0;31m             \u001b[0mpassword\u001b[0m\u001b[0;34m=\u001b[0m\u001b[0;32mFalse\u001b[0m\u001b[0;34m,\u001b[0m\u001b[0;34m\u001b[0m\u001b[0;34m\u001b[0m\u001b[0m\n\u001b[0m\u001b[1;32m    705\u001b[0m         )\n\u001b[1;32m    706\u001b[0m \u001b[0;34m\u001b[0m\u001b[0m\n","\u001b[0;32m/usr/local/lib/python3.7/dist-packages/ipykernel/kernelbase.py\u001b[0m in \u001b[0;36m_input_request\u001b[0;34m(self, prompt, ident, parent, password)\u001b[0m\n\u001b[1;32m    732\u001b[0m             \u001b[0;32mexcept\u001b[0m \u001b[0mKeyboardInterrupt\u001b[0m\u001b[0;34m:\u001b[0m\u001b[0;34m\u001b[0m\u001b[0;34m\u001b[0m\u001b[0m\n\u001b[1;32m    733\u001b[0m                 \u001b[0;31m# re-raise KeyboardInterrupt, to truncate traceback\u001b[0m\u001b[0;34m\u001b[0m\u001b[0;34m\u001b[0m\u001b[0;34m\u001b[0m\u001b[0m\n\u001b[0;32m--> 734\u001b[0;31m                 \u001b[0;32mraise\u001b[0m \u001b[0mKeyboardInterrupt\u001b[0m\u001b[0;34m\u001b[0m\u001b[0;34m\u001b[0m\u001b[0m\n\u001b[0m\u001b[1;32m    735\u001b[0m             \u001b[0;32melse\u001b[0m\u001b[0;34m:\u001b[0m\u001b[0;34m\u001b[0m\u001b[0;34m\u001b[0m\u001b[0m\n\u001b[1;32m    736\u001b[0m                 \u001b[0;32mbreak\u001b[0m\u001b[0;34m\u001b[0m\u001b[0;34m\u001b[0m\u001b[0m\n","\u001b[0;31mKeyboardInterrupt\u001b[0m: "]}]}]}