{"nbformat":4,"nbformat_minor":0,"metadata":{"colab":{"name":"PC2","provenance":[]},"kernelspec":{"name":"python3","display_name":"Python 3"},"language_info":{"name":"python"}},"cells":[{"cell_type":"code","execution_count":null,"metadata":{"id":"RLlH_LFyl3cr","executionInfo":{"status":"ok","timestamp":1655180022235,"user_tz":300,"elapsed":18956,"user":{"displayName":"uni python","userId":"07997021365124863630"}},"outputId":"c7070dcb-79bf-4d07-8f48-a7c1a5765e1a","colab":{"base_uri":"https://localhost:8080/"}},"outputs":[{"output_type":"stream","name":"stdout","text":["INGRESE CANTIDAD DE NOTAS:7\n","INGRESE LA NOTA:7\n","INGRESE LA NOTA:9\n","INGRESE LA NOTA:14\n","INGRESE LA NOTA:8\n","INGRESE LA NOTA:6\n","INGRESE LA NOTA:5\n","INGRESE LA NOTA:10\n","EL PORCENTAJE DE APROBADOS ES: 0.2857142857142857\n","CON NOTAS: [7, 9, 14, 8, 6, 5, 10]\n","EL PORCENTAJE DE APROBADOS ES: 1.0\n","CON NOTAS: [8, 10, 15, 9, 7, 6, 11, 8, 10, 15, 9, 7, 6, 11]\n"]}],"source":["#PROBLEMA 1\n","notas=[]\n","n=int(input(\"INGRESE CANTIDAD DE NOTAS:\"))\n","k=0\n","l=0\n","while k<n:\n","  m=int(input(\"INGRESE LA NOTA:\"))\n","  notas.append(m)\n","  if m>=10:\n","    l+=1\n","  k+=1\n","\n","aprob=l/n\n","print(\"EL PORCENTAJE DE APROBADOS ES:\",aprob)\n","print(\"CON NOTAS:\",notas)\n","\n","while aprob< 0.7:\n","  p=0\n","  for i in range(0,n):\n","    if notas[i]<20:\n","      notas[i]+=1\n","      notas.append(notas[i])\n","  for j in range(0,n):\n","    if notas[i]>=10:\n","      p+=1\n","  aprob=p/n\n","  print(\"EL PORCENTAJE DE APROBADOS ES:\",aprob)\n","  print(\"CON NOTAS:\",notas)"]},{"cell_type":"code","source":["#PROBLEMA 2\n","v1=[]\n","v2=[]\n","v3=[]\n","v4=[]\n","k=1\n","\n","while k!=0:\n","  m=int(input(\"INGRESE CODIGO DEL VENDEDOR:\"))\n","  if m==0:\n","    k=0\n","  n=int(input(\"INGRESE CODIGO DEL PRODUCTO:\"))\n","  c=int(input(\"INGRESE CANTIDAD DEL PRODUCTO:\"))\n","  i==m\n","  c.append(vi)\n","\n","print(\"LOS PRODUCTOS Y CÃ“DIGOS SON:\")\n","\n","for i in range(1,5):\n","  print(\"EL VENDEDOR DEL COGIDO,\",i)\n","  "],"metadata":{"id":"Cy9lCawtmtq7","executionInfo":{"status":"error","timestamp":1655180109627,"user_tz":300,"elapsed":5069,"user":{"displayName":"uni python","userId":"07997021365124863630"}},"outputId":"3e8c5fe5-0c21-4122-bd1b-8d8aec36c7f6","colab":{"base_uri":"https://localhost:8080/","height":536}},"execution_count":2,"outputs":[{"output_type":"error","ename":"KeyboardInterrupt","evalue":"ignored","traceback":["\u001b[0;31m---------------------------------------------------------------------------\u001b[0m","\u001b[0;31mKeyboardInterrupt\u001b[0m                         Traceback (most recent call last)","\u001b[0;32m/usr/local/lib/python3.7/dist-packages/ipykernel/kernelbase.py\u001b[0m in \u001b[0;36m_input_request\u001b[0;34m(self, prompt, ident, parent, password)\u001b[0m\n\u001b[1;32m    728\u001b[0m             \u001b[0;32mtry\u001b[0m\u001b[0;34m:\u001b[0m\u001b[0;34m\u001b[0m\u001b[0;34m\u001b[0m\u001b[0m\n\u001b[0;32m--> 729\u001b[0;31m                 \u001b[0mident\u001b[0m\u001b[0;34m,\u001b[0m \u001b[0mreply\u001b[0m \u001b[0;34m=\u001b[0m \u001b[0mself\u001b[0m\u001b[0;34m.\u001b[0m\u001b[0msession\u001b[0m\u001b[0;34m.\u001b[0m\u001b[0mrecv\u001b[0m\u001b[0;34m(\u001b[0m\u001b[0mself\u001b[0m\u001b[0;34m.\u001b[0m\u001b[0mstdin_socket\u001b[0m\u001b[0;34m,\u001b[0m \u001b[0;36m0\u001b[0m\u001b[0;34m)\u001b[0m\u001b[0;34m\u001b[0m\u001b[0;34m\u001b[0m\u001b[0m\n\u001b[0m\u001b[1;32m    730\u001b[0m             \u001b[0;32mexcept\u001b[0m \u001b[0mException\u001b[0m\u001b[0;34m:\u001b[0m\u001b[0;34m\u001b[0m\u001b[0;34m\u001b[0m\u001b[0m\n","\u001b[0;32m/usr/local/lib/python3.7/dist-packages/jupyter_client/session.py\u001b[0m in \u001b[0;36mrecv\u001b[0;34m(self, socket, mode, content, copy)\u001b[0m\n\u001b[1;32m    802\u001b[0m         \u001b[0;32mtry\u001b[0m\u001b[0;34m:\u001b[0m\u001b[0;34m\u001b[0m\u001b[0;34m\u001b[0m\u001b[0m\n\u001b[0;32m--> 803\u001b[0;31m             \u001b[0mmsg_list\u001b[0m \u001b[0;34m=\u001b[0m \u001b[0msocket\u001b[0m\u001b[0;34m.\u001b[0m\u001b[0mrecv_multipart\u001b[0m\u001b[0;34m(\u001b[0m\u001b[0mmode\u001b[0m\u001b[0;34m,\u001b[0m \u001b[0mcopy\u001b[0m\u001b[0;34m=\u001b[0m\u001b[0mcopy\u001b[0m\u001b[0;34m)\u001b[0m\u001b[0;34m\u001b[0m\u001b[0;34m\u001b[0m\u001b[0m\n\u001b[0m\u001b[1;32m    804\u001b[0m         \u001b[0;32mexcept\u001b[0m \u001b[0mzmq\u001b[0m\u001b[0;34m.\u001b[0m\u001b[0mZMQError\u001b[0m \u001b[0;32mas\u001b[0m \u001b[0me\u001b[0m\u001b[0;34m:\u001b[0m\u001b[0;34m\u001b[0m\u001b[0;34m\u001b[0m\u001b[0m\n","\u001b[0;32m/usr/local/lib/python3.7/dist-packages/zmq/sugar/socket.py\u001b[0m in \u001b[0;36mrecv_multipart\u001b[0;34m(self, flags, copy, track)\u001b[0m\n\u001b[1;32m    726\u001b[0m         \"\"\"\n\u001b[0;32m--> 727\u001b[0;31m         \u001b[0mparts\u001b[0m \u001b[0;34m=\u001b[0m \u001b[0;34m[\u001b[0m\u001b[0mself\u001b[0m\u001b[0;34m.\u001b[0m\u001b[0mrecv\u001b[0m\u001b[0;34m(\u001b[0m\u001b[0mflags\u001b[0m\u001b[0;34m,\u001b[0m \u001b[0mcopy\u001b[0m\u001b[0;34m=\u001b[0m\u001b[0mcopy\u001b[0m\u001b[0;34m,\u001b[0m \u001b[0mtrack\u001b[0m\u001b[0;34m=\u001b[0m\u001b[0mtrack\u001b[0m\u001b[0;34m)\u001b[0m\u001b[0;34m]\u001b[0m\u001b[0;34m\u001b[0m\u001b[0;34m\u001b[0m\u001b[0m\n\u001b[0m\u001b[1;32m    728\u001b[0m         \u001b[0;31m# have first part already, only loop while more to receive\u001b[0m\u001b[0;34m\u001b[0m\u001b[0;34m\u001b[0m\u001b[0;34m\u001b[0m\u001b[0m\n","\u001b[0;32mzmq/backend/cython/socket.pyx\u001b[0m in \u001b[0;36mzmq.backend.cython.socket.Socket.recv\u001b[0;34m()\u001b[0m\n","\u001b[0;32mzmq/backend/cython/socket.pyx\u001b[0m in \u001b[0;36mzmq.backend.cython.socket.Socket.recv\u001b[0;34m()\u001b[0m\n","\u001b[0;32mzmq/backend/cython/socket.pyx\u001b[0m in \u001b[0;36mzmq.backend.cython.socket._recv_copy\u001b[0;34m()\u001b[0m\n","\u001b[0;32m/usr/local/lib/python3.7/dist-packages/zmq/backend/cython/checkrc.pxd\u001b[0m in \u001b[0;36mzmq.backend.cython.checkrc._check_rc\u001b[0;34m()\u001b[0m\n","\u001b[0;31mKeyboardInterrupt\u001b[0m: ","\nDuring handling of the above exception, another exception occurred:\n","\u001b[0;31mKeyboardInterrupt\u001b[0m                         Traceback (most recent call last)","\u001b[0;32m<ipython-input-2-a873d2a2e914>\u001b[0m in \u001b[0;36m<module>\u001b[0;34m()\u001b[0m\n\u001b[1;32m      7\u001b[0m \u001b[0;34m\u001b[0m\u001b[0m\n\u001b[1;32m      8\u001b[0m \u001b[0;32mwhile\u001b[0m \u001b[0mk\u001b[0m\u001b[0;34m!=\u001b[0m\u001b[0;36m0\u001b[0m\u001b[0;34m:\u001b[0m\u001b[0;34m\u001b[0m\u001b[0;34m\u001b[0m\u001b[0m\n\u001b[0;32m----> 9\u001b[0;31m   \u001b[0mm\u001b[0m\u001b[0;34m=\u001b[0m\u001b[0mint\u001b[0m\u001b[0;34m(\u001b[0m\u001b[0minput\u001b[0m\u001b[0;34m(\u001b[0m\u001b[0;34m\"INGRESE CODIGO DEL VENDEDOR:\"\u001b[0m\u001b[0;34m)\u001b[0m\u001b[0;34m)\u001b[0m\u001b[0;34m\u001b[0m\u001b[0;34m\u001b[0m\u001b[0m\n\u001b[0m\u001b[1;32m     10\u001b[0m   \u001b[0;32mif\u001b[0m \u001b[0mm\u001b[0m\u001b[0;34m==\u001b[0m\u001b[0;36m0\u001b[0m\u001b[0;34m:\u001b[0m\u001b[0;34m\u001b[0m\u001b[0;34m\u001b[0m\u001b[0m\n\u001b[1;32m     11\u001b[0m     \u001b[0mk\u001b[0m\u001b[0;34m=\u001b[0m\u001b[0;36m0\u001b[0m\u001b[0;34m\u001b[0m\u001b[0;34m\u001b[0m\u001b[0m\n","\u001b[0;32m/usr/local/lib/python3.7/dist-packages/ipykernel/kernelbase.py\u001b[0m in \u001b[0;36mraw_input\u001b[0;34m(self, prompt)\u001b[0m\n\u001b[1;32m    702\u001b[0m             \u001b[0mself\u001b[0m\u001b[0;34m.\u001b[0m\u001b[0m_parent_ident\u001b[0m\u001b[0;34m,\u001b[0m\u001b[0;34m\u001b[0m\u001b[0;34m\u001b[0m\u001b[0m\n\u001b[1;32m    703\u001b[0m             \u001b[0mself\u001b[0m\u001b[0;34m.\u001b[0m\u001b[0m_parent_header\u001b[0m\u001b[0;34m,\u001b[0m\u001b[0;34m\u001b[0m\u001b[0;34m\u001b[0m\u001b[0m\n\u001b[0;32m--> 704\u001b[0;31m             \u001b[0mpassword\u001b[0m\u001b[0;34m=\u001b[0m\u001b[0;32mFalse\u001b[0m\u001b[0;34m,\u001b[0m\u001b[0;34m\u001b[0m\u001b[0;34m\u001b[0m\u001b[0m\n\u001b[0m\u001b[1;32m    705\u001b[0m         )\n\u001b[1;32m    706\u001b[0m \u001b[0;34m\u001b[0m\u001b[0m\n","\u001b[0;32m/usr/local/lib/python3.7/dist-packages/ipykernel/kernelbase.py\u001b[0m in \u001b[0;36m_input_request\u001b[0;34m(self, prompt, ident, parent, password)\u001b[0m\n\u001b[1;32m    732\u001b[0m             \u001b[0;32mexcept\u001b[0m \u001b[0mKeyboardInterrupt\u001b[0m\u001b[0;34m:\u001b[0m\u001b[0;34m\u001b[0m\u001b[0;34m\u001b[0m\u001b[0m\n\u001b[1;32m    733\u001b[0m                 \u001b[0;31m# re-raise KeyboardInterrupt, to truncate traceback\u001b[0m\u001b[0;34m\u001b[0m\u001b[0;34m\u001b[0m\u001b[0;34m\u001b[0m\u001b[0m\n\u001b[0;32m--> 734\u001b[0;31m                 \u001b[0;32mraise\u001b[0m \u001b[0mKeyboardInterrupt\u001b[0m\u001b[0;34m\u001b[0m\u001b[0;34m\u001b[0m\u001b[0m\n\u001b[0m\u001b[1;32m    735\u001b[0m             \u001b[0;32melse\u001b[0m\u001b[0;34m:\u001b[0m\u001b[0;34m\u001b[0m\u001b[0;34m\u001b[0m\u001b[0m\n\u001b[1;32m    736\u001b[0m                 \u001b[0;32mbreak\u001b[0m\u001b[0;34m\u001b[0m\u001b[0;34m\u001b[0m\u001b[0m\n","\u001b[0;31mKeyboardInterrupt\u001b[0m: "]}]},{"cell_type":"code","source":["b=int(input(\"INGRESE BASE:\"))\n","n1=int(input(\"INGRESE N1:\"))\n","n=[]\n","n2=int(input(\"INGRESE N2:\"))\n","m=[]\n","k=[]\n","\n","while n1!=0:\n","  r=n1%10\n","  if r<b:\n","    n.append(r)\n","  n1=n1//10\n","\n","while n2!=0:\n","  r2=n2%10\n","  if r2<b:\n","    m.append(r2)\n","  n2=n2//10\n","\n","producto= n1*n2\n","while producto!=0:\n","  r3=producto%10\n","  if r3<b:\n","    k.append(r3)\n","  producto=producto//10\n","\n","print(\"LOS DIGITOS DE N1 SON:\",n)\n","print(\"LOS DIGITOS DE N2 SON:\",m)\n","print(\"LOS DIGITOS DEL PRODUCTO SON:\",k)\n","\n"],"metadata":{"id":"safr3PTGp8xx","executionInfo":{"status":"ok","timestamp":1655180133125,"user_tz":300,"elapsed":16626,"user":{"displayName":"uni python","userId":"07997021365124863630"}},"outputId":"ac28e11e-6f5b-4358-aade-a9b681890d50","colab":{"base_uri":"https://localhost:8080/"}},"execution_count":3,"outputs":[{"output_type":"stream","name":"stdout","text":["INGRESE BASE:6\n","INGRESE N1:53041\n","INGRESE N2:2415\n","LOS DIGITOS DE N1 SON: [1, 4, 0, 3, 5]\n","LOS DIGITOS DE N2 SON: [5, 1, 4, 2]\n","LOS DIGITOS DEL PRODUCTO SON: []\n"]}]}]}